[2026-07-09 10:51:27 INF]
[Veteran Logistics]
[0.1.0]
[Machine: VVSPL1]
[Thread: 2]

Before SaveChanges - Added: 0, Modified: 0, Deleted: 0
[2026-07-09 10:51:27 INF]
[Veteran Logistics]
[0.1.0]
[Machine: VVSPL1]
[Thread: 2]

SaveChangesAsync completed with 0 rows affected
[2026-07-09 10:51:36 INF]
[Veteran Logistics]
[0.1.0]
[Machine: VVSPL1]
[Thread: 2]

Before SaveChanges - Added: 0, Modified: 0, Deleted: 0
[2026-07-09 10:51:36 INF]
[Veteran Logistics]
[0.1.0]
[Machine: VVSPL1]
[Thread: 2]

SaveChangesAsync completed with 0 rows affected
[2026-07-09 10:52:18 INF]
[Veteran Logistics]
[0.1.0]
[Machine: VVSPL1]
[Thread: 2]

Processing 17 permission assignments for role 1
[2026-07-09 10:52:18 INF]
[Veteran Logistics]
[0.1.0]
[Machine: VVSPL1]
[Thread: 2]

Existing role permissions count: 0
[2026-07-09 10:52:18 INF]
[Veteran Logistics]
[0.1.0]
[Machine: VVSPL1]
[Thread: 2]

After processing - ToAdd: 0, ToRemove: 0
[2026-07-09 10:52:18 INF]
[Veteran Logistics]
[0.1.0]
[Machine: VVSPL1]
[Thread: 2]

Before SaveChanges - Added: 0, Modified: 0, Deleted: 0
[2026-07-09 10:52:18 INF]
[Veteran Logistics]
[0.1.0]
[Machine: VVSPL1]
[Thread: 2]

SaveChangesAsync completed with 0 rows affected
[2026-07-09 10:53:22 INF]
[Veteran Logistics]
[0.1.0]
[Machine: VVSPL1]
[Thread: 2]

Processing 17 permission assignments for role 1
[2026-07-09 10:53:22 INF]
[Veteran Logistics]
[0.1.0]
[Machine: VVSPL1]
[Thread: 2]

Existing role permissions count: 0
[2026-07-09 10:53:22 INF]
[Veteran Logistics]
[0.1.0]
[Machine: VVSPL1]
[Thread: 2]

After processing - ToAdd: 0, ToRemove: 0
[2026-07-09 10:53:22 INF]
[Veteran Logistics]
[0.1.0]
[Machine: VVSPL1]
[Thread: 2]

Before SaveChanges - Added: 0, Modified: 0, Deleted: 0
[2026-07-09 10:53:22 INF]
[Veteran Logistics]
[0.1.0]
[Machine: VVSPL1]
[Thread: 2]

SaveChangesAsync completed with 0 rows affected
[2026-07-09 10:54:41 INF]
[Veteran Logistics]
[0.1.0]
[Machine: VVSPL1]
[Thread: 2]

Processing 17 permission assignments for role 1
[2026-07-09 10:54:41 INF]
[Veteran Logistics]
[0.1.0]
[Machine: VVSPL1]
[Thread: 2]

Existing role permissions count: 0
[2026-07-09 10:54:41 INF]
[Veteran Logistics]
[0.1.0]
[Machine: VVSPL1]
[Thread: 2]

After processing - ToAdd: 0, ToRemove: 0
[2026-07-09 10:54:41 INF]
[Veteran Logistics]
[0.1.0]
[Machine: VVSPL1]
[Thread: 2]

Before SaveChanges - Added: 0, Modified: 0, Deleted: 0
[2026-07-09 10:54:41 INF]
[Veteran Logistics]
[0.1.0]
[Machine: VVSPL1]
[Thread: 2]

SaveChangesAsync completed with 0 rows affected
[2026-07-09 10:55:46 INF]
[Veteran Logistics]
[0.1.0]
[Machine: VVSPL1]
[Thread: 2]

Processing 17 permission assignments for role 1
[2026-07-09 10:55:46 INF]
[Veteran Logistics]
[0.1.0]
[Machine: VVSPL1]
[Thread: 2]

Existing role permissions count: 0
[2026-07-09 10:55:46 INF]
[Veteran Logistics]
[0.1.0]
[Machine: VVSPL1]
[Thread: 2]

After processing - ToAdd: 1, ToRemove: 0
[2026-07-09 10:55:46 INF]
[Veteran Logistics]
[0.1.0]
[Machine: VVSPL1]
[Thread: 2]

Adding 1 role permissions for role 1
[2026-07-09 10:55:46 INF]
[Veteran Logistics]
[0.1.0]
[Machine: VVSPL1]
[Thread: 2]

Before SaveChanges - Added: 1, Modified: 0, Deleted: 0
[2026-07-09 10:55:46 INF]
[Veteran Logistics]
[0.1.0]
[Machine: VVSPL1]
[Thread: 2]

SaveChangesAsync completed with 1 rows affected
