[2026-07-14 12:39:09 INF]
[Veteran Logistics]
[0.1.0]
[Machine: VVSPL1]
[Thread: 2]

Retrieved 0 sources
[2026-07-14 12:39:09 INF]
[Veteran Logistics]
[0.1.0]
[Machine: VVSPL1]
[Thread: 2]

Retrieved 0 sources
[2026-07-14 12:39:32 WRN]
[Veteran Logistics]
[0.1.0]
[Machine: VVSPL1]
[Thread: 2]

Role 'Manager' not found or inactive. Returning no permissions.
[2026-07-14 12:39:32 WRN]
[Veteran Logistics]
[0.1.0]
[Machine: VVSPL1]
[Thread: 2]

Role 'Manager' not found or inactive. Returning no permissions.
[2026-07-14 12:39:32 WRN]
[Veteran Logistics]
[0.1.0]
[Machine: VVSPL1]
[Thread: 2]

Role 'Manager' not found or inactive. Returning no permissions.
[2026-07-14 12:39:32 WRN]
[Veteran Logistics]
[0.1.0]
[Machine: VVSPL1]
[Thread: 2]

Role 'Manager' not found or inactive. Returning no permissions.
[2026-07-14 12:39:37 WRN]
[Veteran Logistics]
[0.1.0]
[Machine: VVSPL1]
[Thread: 2]

Role 'Manager' not found or inactive. Returning no permissions.
[2026-07-14 12:39:37 WRN]
[Veteran Logistics]
[0.1.0]
[Machine: VVSPL1]
[Thread: 2]

Role 'Manager' not found or inactive. Returning no permissions.
[2026-07-14 12:39:37 WRN]
[Veteran Logistics]
[0.1.0]
[Machine: VVSPL1]
[Thread: 2]

Role 'Manager' not found or inactive. Returning no permissions.
[2026-07-14 12:39:37 WRN]
[Veteran Logistics]
[0.1.0]
[Machine: VVSPL1]
[Thread: 2]

Role 'Manager' not found or inactive. Returning no permissions.
[2026-07-14 12:39:57 WRN]
[Veteran Logistics]
[0.1.0]
[Machine: VVSPL1]
[Thread: 2]

Role 'Administrator' not found or inactive. Returning no permissions.
[2026-07-14 12:39:57 WRN]
[Veteran Logistics]
[0.1.0]
[Machine: VVSPL1]
[Thread: 2]

Role 'Administrator' not found or inactive. Returning no permissions.
[2026-07-14 12:39:57 WRN]
[Veteran Logistics]
[0.1.0]
[Machine: VVSPL1]
[Thread: 2]

Role 'Administrator' not found or inactive. Returning no permissions.
[2026-07-14 12:39:57 WRN]
[Veteran Logistics]
[0.1.0]
[Machine: VVSPL1]
[Thread: 2]

Role 'Administrator' not found or inactive. Returning no permissions.
