[2026-07-14 11:03:23 INF]
[Veteran Logistics]
[0.1.0]
[Machine: VVSPL1]
[Thread: 2]

Retrieved 1 HSD rates
[2026-07-14 11:03:23 INF]
[Veteran Logistics]
[0.1.0]
[Machine: VVSPL1]
[Thread: 2]

Retrieved 1 HSD rates
[2026-07-14 12:40:15 WRN]
[Veteran Logistics]
[0.1.0]
[Machine: VVSPL1]
[Thread: 2]

Role 'Administrator' not found or inactive. Returning no permissions.
[2026-07-14 12:40:15 WRN]
[Veteran Logistics]
[0.1.0]
[Machine: VVSPL1]
[Thread: 2]

Role 'Administrator' not found or inactive. Returning no permissions.
[2026-07-14 12:40:15 WRN]
[Veteran Logistics]
[0.1.0]
[Machine: VVSPL1]
[Thread: 2]

Role 'Administrator' not found or inactive. Returning no permissions.
[2026-07-14 12:40:15 WRN]
[Veteran Logistics]
[0.1.0]
[Machine: VVSPL1]
[Thread: 2]

Role 'Administrator' not found or inactive. Returning no permissions.
[2026-07-14 12:40:23 WRN]
[Veteran Logistics]
[0.1.0]
[Machine: VVSPL1]
[Thread: 2]

Role 'Administrator' not found or inactive. Returning no permissions.
[2026-07-14 12:40:23 WRN]
[Veteran Logistics]
[0.1.0]
[Machine: VVSPL1]
[Thread: 2]

Role 'Administrator' not found or inactive. Returning no permissions.
[2026-07-14 12:40:23 WRN]
[Veteran Logistics]
[0.1.0]
[Machine: VVSPL1]
[Thread: 2]

Role 'Administrator' not found or inactive. Returning no permissions.
[2026-07-14 12:40:23 WRN]
[Veteran Logistics]
[0.1.0]
[Machine: VVSPL1]
[Thread: 2]

Role 'Administrator' not found or inactive. Returning no permissions.
[2026-07-14 12:48:40 WRN]
[Veteran Logistics]
[0.1.0]
[Machine: VVSPL1]
[Thread: 2]

Role 'Manager' not found or inactive. Returning no permissions.
[2026-07-14 12:48:40 WRN]
[Veteran Logistics]
[0.1.0]
[Machine: VVSPL1]
[Thread: 2]

Role 'Manager' not found or inactive. Returning no permissions.
[2026-07-14 12:48:40 WRN]
[Veteran Logistics]
[0.1.0]
[Machine: VVSPL1]
[Thread: 2]

Role 'Manager' not found or inactive. Returning no permissions.
[2026-07-14 12:48:40 WRN]
[Veteran Logistics]
[0.1.0]
[Machine: VVSPL1]
[Thread: 2]

Role 'Manager' not found or inactive. Returning no permissions.
[2026-07-14 12:48:41 WRN]
[Veteran Logistics]
[0.1.0]
[Machine: VVSPL1]
[Thread: 2]

Role 'Manager' not found or inactive. Returning no permissions.
[2026-07-14 12:48:41 WRN]
[Veteran Logistics]
[0.1.0]
[Machine: VVSPL1]
[Thread: 2]

Role 'Manager' not found or inactive. Returning no permissions.
[2026-07-14 12:48:41 WRN]
[Veteran Logistics]
[0.1.0]
[Machine: VVSPL1]
[Thread: 2]

Role 'Manager' not found or inactive. Returning no permissions.
[2026-07-14 12:48:41 WRN]
[Veteran Logistics]
[0.1.0]
[Machine: VVSPL1]
[Thread: 2]

Role 'Manager' not found or inactive. Returning no permissions.
[2026-07-14 12:48:41 WRN]
[Veteran Logistics]
[0.1.0]
[Machine: VVSPL1]
[Thread: 2]

Role 'Manager' not found or inactive. Returning no permissions.
[2026-07-14 12:48:41 WRN]
[Veteran Logistics]
[0.1.0]
[Machine: VVSPL1]
[Thread: 2]

Role 'Manager' not found or inactive. Returning no permissions.
[2026-07-14 12:48:41 WRN]
[Veteran Logistics]
[0.1.0]
[Machine: VVSPL1]
[Thread: 2]

Role 'Manager' not found or inactive. Returning no permissions.
[2026-07-14 12:48:41 WRN]
[Veteran Logistics]
[0.1.0]
[Machine: VVSPL1]
[Thread: 2]

Role 'Manager' not found or inactive. Returning no permissions.
[2026-07-14 12:48:41 WRN]
[Veteran Logistics]
[0.1.0]
[Machine: VVSPL1]
[Thread: 2]

Role 'Manager' not found or inactive. Returning no permissions.
[2026-07-14 12:48:41 WRN]
[Veteran Logistics]
[0.1.0]
[Machine: VVSPL1]
[Thread: 2]

Role 'Manager' not found or inactive. Returning no permissions.
[2026-07-14 14:46:27 ERR]
[Veteran Logistics]
[0.1.0]
[Machine: VVSPL1]
[Thread: 2]

An exception occurred while iterating over the results of a query for context type 'VeteranLogistics.Data.Context.VeteranLogisticsDbContext'.
System.InvalidOperationException: A second operation was started on this context instance before a previous operation completed. This is usually caused by different threads concurrently using the same instance of DbContext. For more information on how to avoid threading issues with DbContext, see https://go.microsoft.com/fwlink/?linkid=2097913.
   at Microsoft.EntityFrameworkCore.Infrastructure.Internal.ConcurrencyDetector.EnterCriticalSection()
   at Microsoft.EntityFrameworkCore.Query.Internal.SingleQueryingEnumerable`1.Enumerator.MoveNext()
System.InvalidOperationException: A second operation was started on this context instance before a previous operation completed. This is usually caused by different threads concurrently using the same instance of DbContext. For more information on how to avoid threading issues with DbContext, see https://go.microsoft.com/fwlink/?linkid=2097913.
   at Microsoft.EntityFrameworkCore.Infrastructure.Internal.ConcurrencyDetector.EnterCriticalSection()
   at Microsoft.EntityFrameworkCore.Query.Internal.SingleQueryingEnumerable`1.Enumerator.MoveNext()
   at System.Linq.Enumerable.TryGetSingle[TSource](IEnumerable`1 source, Boolean& found)
   at lambda_method106(Closure, QueryContext)
   at Microsoft.EntityFrameworkCore.Query.Internal.QueryCompiler.Execute[TResult](Expression query)
   at Microsoft.EntityFrameworkCore.Query.Internal.EntityQueryProvider.Execute[TResult](Expression expression)
   at veteran_logistic.Authorization.Providers.DatabasePermissionProvider.GetPermissions(String roleName) in D:\app\veteran_logistic_app\Authorization\Providers\DatabasePermissionProvider.cs:line 49
[2026-07-14 14:46:27 ERR]
[Veteran Logistics]
[0.1.0]
[Machine: VVSPL1]
[Thread: 2]

Error loading permissions for role 'peon'. Returning no permissions.
System.InvalidOperationException: A second operation was started on this context instance before a previous operation completed. This is usually caused by different threads concurrently using the same instance of DbContext. For more information on how to avoid threading issues with DbContext, see https://go.microsoft.com/fwlink/?linkid=2097913.
   at Microsoft.EntityFrameworkCore.Infrastructure.Internal.ConcurrencyDetector.EnterCriticalSection()
   at Microsoft.EntityFrameworkCore.Query.Internal.SingleQueryingEnumerable`1.Enumerator.MoveNext()
   at System.Linq.Enumerable.TryGetSingle[TSource](IEnumerable`1 source, Boolean& found)
   at lambda_method106(Closure, QueryContext)
   at Microsoft.EntityFrameworkCore.Query.Internal.QueryCompiler.Execute[TResult](Expression query)
   at Microsoft.EntityFrameworkCore.Query.Internal.EntityQueryProvider.Execute[TResult](Expression expression)
   at veteran_logistic.Authorization.Providers.DatabasePermissionProvider.GetPermissions(String roleName) in D:\app\veteran_logistic_app\Authorization\Providers\DatabasePermissionProvider.cs:line 49
[2026-07-14 16:45:51 INF]
[Veteran Logistics]
[0.1.0]
[Machine: VVSPL1]
[Thread: 2]

Vehicle 'od33s1234' created successfully with ID 1
[2026-07-14 16:46:03 INF]
[Veteran Logistics]
[0.1.0]
[Machine: VVSPL1]
[Thread: 2]

Vehicle '1' status updated to false
[2026-07-14 16:46:08 INF]
[Veteran Logistics]
[0.1.0]
[Machine: VVSPL1]
[Thread: 2]

Vehicle '1' status updated to true
