[2026-07-02 10:19:05 INF]
[Veteran Logistics]
[0.0.0]
[Machine: VVSPL1]
[Thread: 2]

Application started. Press Ctrl+C to shut down.
[2026-07-02 10:19:05 INF]
[Veteran Logistics]
[0.0.0]
[Machine: VVSPL1]
[Thread: 2]

Hosting environment: Production
[2026-07-02 10:19:05 INF]
[Veteran Logistics]
[0.0.0]
[Machine: VVSPL1]
[Thread: 2]

Content root path: D:\app\veteran_logistic\bin\Debug\net10.0-windows
[2026-07-02 10:19:27 INF]
[Veteran Logistics]
[0.0.0]
[Machine: VVSPL1]
[Thread: 2]

Application is shutting down...
[2026-07-02 11:13:11 INF]
[Veteran Logistics]
[0.0.0]
[Machine: VVSPL1]
[Thread: 2]

Application started. Press Ctrl+C to shut down.
[2026-07-02 11:13:11 INF]
[Veteran Logistics]
[0.0.0]
[Machine: VVSPL1]
[Thread: 2]

Hosting environment: Production
[2026-07-02 11:13:11 INF]
[Veteran Logistics]
[0.0.0]
[Machine: VVSPL1]
[Thread: 2]

Content root path: D:\app\veteran_logistic\bin\Debug\net10.0-windows
[2026-07-02 11:16:06 INF]
[Veteran Logistics]
[0.0.0]
[Machine: VVSPL1]
[Thread: 2]

Application started. Press Ctrl+C to shut down.
[2026-07-02 11:16:06 INF]
[Veteran Logistics]
[0.0.0]
[Machine: VVSPL1]
[Thread: 2]

Hosting environment: Production
[2026-07-02 11:16:06 INF]
[Veteran Logistics]
[0.0.0]
[Machine: VVSPL1]
[Thread: 2]

Content root path: D:\app\veteran_logistic\bin\Debug\net10.0-windows
[2026-07-02 11:22:58 INF]
[Veteran Logistics]
[0.0.0]
[Machine: VVSPL1]
[Thread: 2]

Application started. Press Ctrl+C to shut down.
[2026-07-02 11:22:58 INF]
[Veteran Logistics]
[0.0.0]
[Machine: VVSPL1]
[Thread: 2]

Hosting environment: Production
[2026-07-02 11:22:58 INF]
[Veteran Logistics]
[0.0.0]
[Machine: VVSPL1]
[Thread: 2]

Content root path: D:\app\veteran_logistic\bin\Debug\net10.0-windows
[2026-07-02 11:34:31 INF]
[Veteran Logistics]
[0.0.0]
[Machine: VVSPL1]
[Thread: 2]

Application started. Press Ctrl+C to shut down.
[2026-07-02 11:34:31 INF]
[Veteran Logistics]
[0.0.0]
[Machine: VVSPL1]
[Thread: 2]

Hosting environment: Production
[2026-07-02 11:34:31 INF]
[Veteran Logistics]
[0.0.0]
[Machine: VVSPL1]
[Thread: 2]

Content root path: D:\app\veteran_logistic\bin\Debug\net10.0-windows
[2026-07-02 11:35:03 INF]
[Veteran Logistics]
[0.0.0]
[Machine: VVSPL1]
[Thread: 2]

Application started. Press Ctrl+C to shut down.
[2026-07-02 11:35:03 INF]
[Veteran Logistics]
[0.0.0]
[Machine: VVSPL1]
[Thread: 2]

Hosting environment: Production
[2026-07-02 11:35:03 INF]
[Veteran Logistics]
[0.0.0]
[Machine: VVSPL1]
[Thread: 2]

Content root path: D:\app\veteran_logistic\bin\Debug\net10.0-windows
[2026-07-02 11:40:50 INF]
[Veteran Logistics]
[0.0.0]
[Machine: VVSPL1]
[Thread: 2]

Application started. Press Ctrl+C to shut down.
[2026-07-02 11:40:51 INF]
[Veteran Logistics]
[0.0.0]
[Machine: VVSPL1]
[Thread: 2]

Hosting environment: Production
[2026-07-02 11:40:51 INF]
[Veteran Logistics]
[0.0.0]
[Machine: VVSPL1]
[Thread: 2]

Content root path: D:\app\veteran_logistic\bin\Debug\net10.0-windows
[2026-07-02 11:41:40 INF]
[Veteran Logistics]
[0.0.0]
[Machine: VVSPL1]
[Thread: 2]

Application started. Press Ctrl+C to shut down.
[2026-07-02 11:41:40 INF]
[Veteran Logistics]
[0.0.0]
[Machine: VVSPL1]
[Thread: 2]

Hosting environment: Production
[2026-07-02 11:41:40 INF]
[Veteran Logistics]
[0.0.0]
[Machine: VVSPL1]
[Thread: 2]

Content root path: D:\app\veteran_logistic\bin\Debug\net10.0-windows
[2026-07-02 11:44:58 INF]
[Veteran Logistics]
[0.0.0]
[Machine: VVSPL1]
[Thread: 2]

Application started. Press Ctrl+C to shut down.
[2026-07-02 11:44:58 INF]
[Veteran Logistics]
[0.0.0]
[Machine: VVSPL1]
[Thread: 2]

Hosting environment: Production
[2026-07-02 11:44:58 INF]
[Veteran Logistics]
[0.0.0]
[Machine: VVSPL1]
[Thread: 2]

Content root path: D:\app\veteran_logistic\bin\Debug\net10.0-windows
[2026-07-02 11:45:09 INF]
[Veteran Logistics]
[0.0.0]
[Machine: VVSPL1]
[Thread: 2]

Application started. Press Ctrl+C to shut down.
[2026-07-02 11:45:09 INF]
[Veteran Logistics]
[0.0.0]
[Machine: VVSPL1]
[Thread: 2]

Hosting environment: Production
[2026-07-02 11:45:09 INF]
[Veteran Logistics]
[0.0.0]
[Machine: VVSPL1]
[Thread: 2]

Content root path: D:\app\veteran_logistic\bin\Debug\net10.0-windows
[2026-07-02 11:46:19 INF]
[Veteran Logistics]
[0.0.0]
[Machine: VVSPL1]
[Thread: 2]

Application started. Press Ctrl+C to shut down.
[2026-07-02 11:46:19 INF]
[Veteran Logistics]
[0.0.0]
[Machine: VVSPL1]
[Thread: 2]

Hosting environment: Production
[2026-07-02 11:46:19 INF]
[Veteran Logistics]
[0.0.0]
[Machine: VVSPL1]
[Thread: 2]

Content root path: D:\app\veteran_logistic\bin\Debug\net10.0-windows
[2026-07-02 11:47:40 INF]
[Veteran Logistics]
[0.0.0]
[Machine: VVSPL1]
[Thread: 2]

Application started. Press Ctrl+C to shut down.
[2026-07-02 11:47:40 INF]
[Veteran Logistics]
[0.0.0]
[Machine: VVSPL1]
[Thread: 2]

Hosting environment: Production
[2026-07-02 11:47:40 INF]
[Veteran Logistics]
[0.0.0]
[Machine: VVSPL1]
[Thread: 2]

Content root path: D:\app\veteran_logistic\bin\Debug\net10.0-windows
[2026-07-02 11:51:13 INF]
[Veteran Logistics]
[0.0.0]
[Machine: VVSPL1]
[Thread: 2]

Application started. Press Ctrl+C to shut down.
[2026-07-02 11:51:13 INF]
[Veteran Logistics]
[0.0.0]
[Machine: VVSPL1]
[Thread: 2]

Hosting environment: Production
[2026-07-02 11:51:13 INF]
[Veteran Logistics]
[0.0.0]
[Machine: VVSPL1]
[Thread: 2]

Content root path: D:\app\veteran_logistic\bin\Debug\net10.0-windows
[2026-07-02 11:51:17 INF]
[Veteran Logistics]
[0.0.0]
[Machine: VVSPL1]
[Thread: 2]

Application is shutting down...
[2026-07-02 13:02:18 INF]
[Veteran Logistics]
[0.0.0]
[Machine: VVSPL1]
[Thread: 2]

Application started. Press Ctrl+C to shut down.
[2026-07-02 13:02:18 INF]
[Veteran Logistics]
[0.0.0]
[Machine: VVSPL1]
[Thread: 2]

Hosting environment: Production
[2026-07-02 13:02:18 INF]
[Veteran Logistics]
[0.0.0]
[Machine: VVSPL1]
[Thread: 2]

Content root path: D:\app\veteran_logistic\bin\Debug\net10.0-windows
[2026-07-02 13:02:22 INF]
[Veteran Logistics]
[0.0.0]
[Machine: VVSPL1]
[Thread: 2]

Application is shutting down...
[2026-07-02 13:08:55 INF]
[Veteran Logistics]
[0.0.0]
[Machine: VVSPL1]
[Thread: 2]

Application started. Press Ctrl+C to shut down.
[2026-07-02 13:08:55 INF]
[Veteran Logistics]
[0.0.0]
[Machine: VVSPL1]
[Thread: 2]

Hosting environment: Production
[2026-07-02 13:08:55 INF]
[Veteran Logistics]
[0.0.0]
[Machine: VVSPL1]
[Thread: 2]

Content root path: D:\app\veteran_logistic\bin\Debug\net10.0-windows
[2026-07-02 13:09:16 INF]
[Veteran Logistics]
[0.0.0]
[Machine: VVSPL1]
[Thread: 2]

Application is shutting down...
